<?xml version="1.0" encoding="UTF-8"?>
<testsuite xmlns:xsi="http://www.w3.org/2001/XMLSchema-instance" xsi:noNamespaceSchemaLocation="https://maven.apache.org/surefire/maven-surefire-plugin/xsd/surefire-test-report.xsd" name="com.parkit.parkingsystem.ParkingServiceTest" time="1.454" tests="4" errors="0" skipped="0" failures="0">
  <properties>
[...]
</properties>
  <testcase name="processExistingVehicleTestThrowsExceptionTest" classname="com.parkit.parkingsystem.ParkingServiceTest" time="1.417"/>
  <testcase name="getNextParkingNumberIfAvailableForCarTest" classname="com.parkit.parkingsystem.ParkingServiceTest" time="0.019"/>
  <testcase name="processExitingVehicleTest" classname="com.parkit.parkingsystem.ParkingServiceTest" time="0.008"/>
  <testcase name="getNextParkingNumberIfAvailableForBikeTest" classname="com.parkit.parkingsystem.ParkingServiceTest" time="0.006"/>
</testsuite>